#
# There is insufficient memory for the Java Runtime Environment to continue.
# Native memory allocation (malloc) failed to allocate 737136 bytes for Chunk::new
# Possible reasons:
#   The system is out of physical RAM or swap space
#   The process is running with CompressedOops enabled, and the Java Heap may be blocking the growth of the native heap
# Possible solutions:
#   Reduce memory load on the system
#   Increase physical memory or swap space
#   Check if swap backing store is full
#   Decrease Java heap size (-Xmx/-Xms)
#   Decrease number of Java threads
#   Decrease Java thread stack sizes (-Xss)
#   Set larger code cache with -XX:ReservedCodeCacheSize=
#   JVM is running with Unscaled Compressed Oops mode in which the Java heap is
#     placed in the first 4GB address space. The Java Heap base address is the
#     maximum limit for the native heap growth. Please use -XX:HeapBaseMinAddress
#     to set the Java Heap base and to place the Java Heap above 4GB virtual address.
# This output file may be truncated or incomplete.
#
#  Out of Memory Error (arena.cpp:189), pid=5992, tid=1184
#
# JRE version: OpenJDK Runtime Environment Temurin-17.0.7+7 (17.0.7+7) (build 17.0.7+7)
# Java VM: OpenJDK 64-Bit Server VM Temurin-17.0.7+7 (17.0.7+7, mixed mode, sharing, tiered, compressed oops, compressed class ptrs, g1 gc, windows-amd64)
# No core dump will be written. Minidumps are not enabled by default on client versions of Windows
#

---------------  S U M M A R Y ------------

Command Line: -javaagent:E:\Program Files\IntelliJ IDEA Community Edition 2023.1\lib\idea_rt.jar=55706:E:\Program Files\IntelliJ IDEA Community Edition 2023.1\bin -Dfile.encoding=UTF-8 com.example.servingwebcontent.ServingWebContentApplicationKt

Host: Intel(R) Core(TM) i5-3550 CPU @ 3.30GHz, 4 cores, 7G,  Windows 10 , 64 bit Build 17763 (10.0.17763.475)
Time: Sat May  6 18:25:03 2023 RTZ 2 (зима) elapsed time: 1.807152 seconds (0d 0h 0m 1s)

---------------  T H R E A D  ---------------

Current thread (0x000001fbfe5595e0):  JavaThread "C2 CompilerThread0" daemon [_thread_in_native, id=1184, stack(0x0000001a7d300000,0x0000001a7d400000)]


Current CompileTask:
C2:   1807 2056   !   4       jdk.internal.loader.URLClassPath$JarLoader::getResource (65 bytes)

Stack: [0x0000001a7d300000,0x0000001a7d400000]
Native frames: (J=compiled Java code, j=interpreted, Vv=VM code, C=native code)
V  [jvm.dll+0x67754a]
V  [jvm.dll+0x834304]
V  [jvm.dll+0x835aae]
V  [jvm.dll+0x836113]
V  [jvm.dll+0x24696f]
V  [jvm.dll+0xac0ac]
V  [jvm.dll+0xac67c]
V  [jvm.dll+0x2adbef]
V  [jvm.dll+0x580067]
V  [jvm.dll+0x221e72]
V  [jvm.dll+0x22224f]
V  [jvm.dll+0x21b4a5]
V  [jvm.dll+0x21895b]
V  [jvm.dll+0x1a4d8d]
V  [jvm.dll+0x2284da]
V  [jvm.dll+0x226615]
V  [jvm.dll+0x7ea90b]
V  [jvm.dll+0x7e4e7a]
V  [jvm.dll+0x676395]
C  [ucrtbase.dll+0x2268a]
C  [KERNEL32.DLL+0x17974]
C  [ntdll.dll+0x5a0b1]


---------------  P R O C E S S  ---------------

Threads class SMR info:
_java_thread_list=0x000001fb9ac392a0, length=17, elements={
0x000001fbf59b8440, 0x000001fbfe53e660, 0x000001fbfe53f3e0, 0x000001fbfe54fa80,
0x000001fbfe555460, 0x000001fbfe558130, 0x000001fbfe5589f0, 0x000001fbfe5595e0,
0x000001fbfe58ca60, 0x000001fbfe5bdef0, 0x000001fbfe528e80, 0x000001fb99361730,
0x000001fb99336670, 0x000001fb994b8070, 0x000001fb9995e920, 0x000001fb99ce3410,
0x000001fb99c093b0
}

Java Threads: ( => current thread )
  0x000001fbf59b8440 JavaThread "main" [_thread_blocked, id=5240, stack(0x0000001a7c600000,0x0000001a7c700000)]
  0x000001fbfe53e660 JavaThread "Reference Handler" daemon [_thread_blocked, id=7188, stack(0x0000001a7cd00000,0x0000001a7ce00000)]
  0x000001fbfe53f3e0 JavaThread "Finalizer" daemon [_thread_blocked, id=2876, stack(0x0000001a7ce00000,0x0000001a7cf00000)]
  0x000001fbfe54fa80 JavaThread "Signal Dispatcher" daemon [_thread_blocked, id=6988, stack(0x0000001a7cf00000,0x0000001a7d000000)]
  0x000001fbfe555460 JavaThread "Attach Listener" daemon [_thread_blocked, id=1176, stack(0x0000001a7d000000,0x0000001a7d100000)]
  0x000001fbfe558130 JavaThread "Service Thread" daemon [_thread_blocked, id=5740, stack(0x0000001a7d100000,0x0000001a7d200000)]
  0x000001fbfe5589f0 JavaThread "Monitor Deflation Thread" daemon [_thread_blocked, id=4368, stack(0x0000001a7d200000,0x0000001a7d300000)]
=>0x000001fbfe5595e0 JavaThread "C2 CompilerThread0" daemon [_thread_in_native, id=1184, stack(0x0000001a7d300000,0x0000001a7d400000)]
  0x000001fbfe58ca60 JavaThread "C1 CompilerThread0" daemon [_thread_in_vm, id=1196, stack(0x0000001a7d400000,0x0000001a7d500000)]
  0x000001fbfe5bdef0 JavaThread "Sweeper thread" daemon [_thread_blocked, id=5020, stack(0x0000001a7d500000,0x0000001a7d600000)]
  0x000001fbfe528e80 JavaThread "Common-Cleaner" daemon [_thread_blocked, id=3348, stack(0x0000001a7d600000,0x0000001a7d700000)]
  0x000001fb99361730 JavaThread "C2 CompilerThread1" daemon [_thread_in_native, id=2024, stack(0x0000001a7d700000,0x0000001a7d800000)]
  0x000001fb99336670 JavaThread "Monitor Ctrl-Break" daemon [_thread_in_native, id=1252, stack(0x0000001a7d800000,0x0000001a7d900000)]
  0x000001fb994b8070 JavaThread "Notification Thread" daemon [_thread_blocked, id=8100, stack(0x0000001a7d900000,0x0000001a7da00000)]
  0x000001fb9995e920 JavaThread "Thread-0" [_thread_blocked, id=6408, stack(0x0000001a7de00000,0x0000001a7df00000)]
  0x000001fb99ce3410 JavaThread "restartedMain" [_thread_in_vm, id=7300, stack(0x0000001a7df00000,0x0000001a7e000000)]
  0x000001fb99c093b0 JavaThread "background-preinit" [_thread_in_vm, id=3288, stack(0x0000001a7e000000,0x0000001a7e100000)]

Other Threads:
  0x000001fbfe539290 VMThread "VM Thread" [stack: 0x0000001a7cc00000,0x0000001a7cd00000] [id=7576]
  0x000001fb994de820 WatcherThread [stack: 0x0000001a7da00000,0x0000001a7db00000] [id=6380]
  0x000001fbf5a14550 GCTaskThread "GC Thread#0" [stack: 0x0000001a7c700000,0x0000001a7c800000] [id=948]
  0x000001fb9a00eae0 GCTaskThread "GC Thread#1" [stack: 0x0000001a7db00000,0x0000001a7dc00000] [id=748]
  0x000001fb99a2e9f0 GCTaskThread "GC Thread#2" [stack: 0x0000001a7dc00000,0x0000001a7dd00000] [id=1228]
  0x000001fb99a6b1e0 GCTaskThread "GC Thread#3" [stack: 0x0000001a7dd00000,0x0000001a7de00000] [id=1992]
  0x000001fbf5a26230 ConcurrentGCThread "G1 Main Marker" [stack: 0x0000001a7c800000,0x0000001a7c900000] [id=6864]
  0x000001fbf5a26b50 ConcurrentGCThread "G1 Conc#0" [stack: 0x0000001a7c900000,0x0000001a7ca00000] [id=2112]
  0x000001fbfe3f24c0 ConcurrentGCThread "G1 Refine#0" [stack: 0x0000001a7ca00000,0x0000001a7cb00000] [id=3436]
  0x000001fbfe3f2df0 ConcurrentGCThread "G1 Service" [stack: 0x0000001a7cb00000,0x0000001a7cc00000] [id=7660]

Threads with active compile tasks:
C2 CompilerThread0     1827 2056   !   4       jdk.internal.loader.URLClassPath$JarLoader::getResource (65 bytes)
C1 CompilerThread0     1827 2168       3       java.lang.invoke.LambdaForm$MH/0x0000000801012000::invoke (94 bytes)
C2 CompilerThread1     1827 2083   !   4       jdk.internal.loader.BuiltinClassLoader::loadClassOrNull (143 bytes)

VM state: not at safepoint (normal execution)

VM Mutex/Monitor currently owned by a thread:  ([mutex/lock_event])
[0x000001fbf59b1200] Metaspace_lock - owner thread: 0x000001fb99c093b0
[0x000001fbf59b2fd0] MethodData_lock - owner thread: 0x000001fbfe58ca60

Heap address: 0x0000000080c00000, size: 2036 MB, Compressed Oops mode: 32-bit

CDS archive(s) mapped at: [0x0000000800000000-0x0000000800bc0000-0x0000000800bc0000), size 12320768, SharedBaseAddress: 0x0000000800000000, ArchiveRelocationMode: 0.
Compressed class space mapped at: 0x0000000801000000-0x0000000841000000, reserved size: 1073741824
Narrow klass base: 0x0000000800000000, Narrow klass shift: 0, Narrow klass range: 0x100000000

GC Precious Log:
 CPUs: 4 total, 4 available
 Memory: 8139M
 Large Page Support: Disabled
 NUMA Support: Disabled
 Compressed Oops: Enabled (32-bit)
 Heap Region Size: 1M
 Heap Min Capacity: 8M
 Heap Initial Capacity: 128M
 Heap Max Capacity: 2036M
 Pre-touch: Disabled
 Parallel Workers: 4
 Concurrent Workers: 1
 Concurrent Refinement Workers: 4
 Periodic GC: Disabled

Heap:
 garbage-first heap   total 131072K, used 61705K [0x0000000080c00000, 0x0000000100000000)
  region size 1024K, 57 young (58368K), 1 survivors (1024K)
 Metaspace       used 19348K, committed 19520K, reserved 1114112K
  class space    used 2290K, committed 2368K, reserved 1048576K

Heap Regions: E=young(eden), S=young(survivor), O=old, HS=humongous(starts), HC=humongous(continues), CS=collection set, F=free, OA=open archive, CA=closed archive, TAMS=top-at-mark-start (previous, next)
|   0|0x0000000080c00000, 0x0000000080d00000, 0x0000000080d00000|100%| O|  |TAMS 0x0000000080c00000, 0x0000000080c00000| Untracked 
|   1|0x0000000080d00000, 0x0000000080e00000, 0x0000000080e00000|100%| O|  |TAMS 0x0000000080d00000, 0x0000000080d00000| Untracked 
|   2|0x0000000080e00000, 0x0000000080f00000, 0x0000000080f00000|100%| O|  |TAMS 0x0000000080e00000, 0x0000000080e00000| Untracked 
|   3|0x0000000080f00000, 0x0000000081000000, 0x0000000081000000|100%| O|  |TAMS 0x0000000080f00000, 0x0000000080f00000| Untracked 
|   4|0x0000000081000000, 0x0000000081042e00, 0x0000000081100000| 26%| O|  |TAMS 0x0000000081000000, 0x0000000081000000| Untracked 
|   5|0x0000000081100000, 0x0000000081200000, 0x0000000081200000|100%|HS|  |TAMS 0x0000000081100000, 0x0000000081100000| Complete 
|   6|0x0000000081200000, 0x0000000081200000, 0x0000000081300000|  0%| F|  |TAMS 0x0000000081200000, 0x0000000081200000| Untracked 
|   7|0x0000000081300000, 0x0000000081300000, 0x0000000081400000|  0%| F|  |TAMS 0x0000000081300000, 0x0000000081300000| Untracked 
|   8|0x0000000081400000, 0x0000000081400000, 0x0000000081500000|  0%| F|  |TAMS 0x0000000081400000, 0x0000000081400000| Untracked 
|   9|0x0000000081500000, 0x0000000081500000, 0x0000000081600000|  0%| F|  |TAMS 0x0000000081500000, 0x0000000081500000| Untracked 
|  10|0x0000000081600000, 0x0000000081600000, 0x0000000081700000|  0%| F|  |TAMS 0x0000000081600000, 0x0000000081600000| Untracked 
|  11|0x0000000081700000, 0x0000000081700000, 0x0000000081800000|  0%| F|  |TAMS 0x0000000081700000, 0x0000000081700000| Untracked 
|  12|0x0000000081800000, 0x0000000081800000, 0x0000000081900000|  0%| F|  |TAMS 0x0000000081800000, 0x0000000081800000| Untracked 
|  13|0x0000000081900000, 0x0000000081900000, 0x0000000081a00000|  0%| F|  |TAMS 0x0000000081900000, 0x0000000081900000| Untracked 
|  14|0x0000000081a00000, 0x0000000081a00000, 0x0000000081b00000|  0%| F|  |TAMS 0x0000000081a00000, 0x0000000081a00000| Untracked 
|  15|0x0000000081b00000, 0x0000000081b00000, 0x0000000081c00000|  0%| F|  |TAMS 0x0000000081b00000, 0x0000000081b00000| Untracked 
|  16|0x0000000081c00000, 0x0000000081c00000, 0x0000000081d00000|  0%| F|  |TAMS 0x0000000081c00000, 0x0000000081c00000| Untracked 
|  17|0x0000000081d00000, 0x0000000081d00000, 0x0000000081e00000|  0%| F|  |TAMS 0x0000000081d00000, 0x0000000081d00000| Untracked 
|  18|0x0000000081e00000, 0x0000000081e00000, 0x0000000081f00000|  0%| F|  |TAMS 0x0000000081e00000, 0x0000000081e00000| Untracked 
|  19|0x0000000081f00000, 0x0000000081f00000, 0x0000000082000000|  0%| F|  |TAMS 0x0000000081f00000, 0x0000000081f00000| Untracked 
|  20|0x0000000082000000, 0x0000000082000000, 0x0000000082100000|  0%| F|  |TAMS 0x0000000082000000, 0x0000000082000000| Untracked 
|  21|0x0000000082100000, 0x0000000082100000, 0x0000000082200000|  0%| F|  |TAMS 0x0000000082100000, 0x0000000082100000| Untracked 
|  22|0x0000000082200000, 0x0000000082200000, 0x0000000082300000|  0%| F|  |TAMS 0x0000000082200000, 0x0000000082200000| Untracked 
|  23|0x0000000082300000, 0x0000000082300000, 0x0000000082400000|  0%| F|  |TAMS 0x0000000082300000, 0x0000000082300000| Untracked 
|  24|0x0000000082400000, 0x0000000082400000, 0x0000000082500000|  0%| F|  |TAMS 0x0000000082400000, 0x0000000082400000| Untracked 
|  25|0x0000000082500000, 0x0000000082500000, 0x0000000082600000|  0%| F|  |TAMS 0x0000000082500000, 0x0000000082500000| Untracked 
|  26|0x0000000082600000, 0x0000000082600000, 0x0000000082700000|  0%| F|  |TAMS 0x0000000082600000, 0x0000000082600000| Untracked 
|  27|0x0000000082700000, 0x0000000082700000, 0x0000000082800000|  0%| F|  |TAMS 0x0000000082700000, 0x0000000082700000| Untracked 
|  28|0x0000000082800000, 0x0000000082800000, 0x0000000082900000|  0%| F|  |TAMS 0x0000000082800000, 0x0000000082800000| Untracked 
|  29|0x0000000082900000, 0x0000000082900000, 0x0000000082a00000|  0%| F|  |TAMS 0x0000000082900000, 0x0000000082900000| Untracked 
|  30|0x0000000082a00000, 0x0000000082a00000, 0x0000000082b00000|  0%| F|  |TAMS 0x0000000082a00000, 0x0000000082a00000| Untracked 
|  31|0x0000000082b00000, 0x0000000082b00000, 0x0000000082c00000|  0%| F|  |TAMS 0x0000000082b00000, 0x0000000082b00000| Untracked 
|  32|0x0000000082c00000, 0x0000000082c00000, 0x0000000082d00000|  0%| F|  |TAMS 0x0000000082c00000, 0x0000000082c00000| Untracked 
|  33|0x0000000082d00000, 0x0000000082d00000, 0x0000000082e00000|  0%| F|  |TAMS 0x0000000082d00000, 0x0000000082d00000| Untracked 
|  34|0x0000000082e00000, 0x0000000082e00000, 0x0000000082f00000|  0%| F|  |TAMS 0x0000000082e00000, 0x0000000082e00000| Untracked 
|  35|0x0000000082f00000, 0x0000000082f00000, 0x0000000083000000|  0%| F|  |TAMS 0x0000000082f00000, 0x0000000082f00000| Untracked 
|  36|0x0000000083000000, 0x0000000083000000, 0x0000000083100000|  0%| F|  |TAMS 0x0000000083000000, 0x0000000083000000| Untracked 
|  37|0x0000000083100000, 0x0000000083100000, 0x0000000083200000|  0%| F|  |TAMS 0x0000000083100000, 0x0000000083100000| Untracked 
|  38|0x0000000083200000, 0x0000000083200000, 0x0000000083300000|  0%| F|  |TAMS 0x0000000083200000, 0x0000000083200000| Untracked 
|  39|0x0000000083300000, 0x0000000083300000, 0x0000000083400000|  0%| F|  |TAMS 0x0000000083300000, 0x0000000083300000| Untracked 
|  40|0x0000000083400000, 0x0000000083400000, 0x0000000083500000|  0%| F|  |TAMS 0x0000000083400000, 0x0000000083400000| Untracked 
|  41|0x0000000083500000, 0x0000000083500000, 0x0000000083600000|  0%| F|  |TAMS 0x0000000083500000, 0x0000000083500000| Untracked 
|  42|0x0000000083600000, 0x0000000083600000, 0x0000000083700000|  0%| F|  |TAMS 0x0000000083600000, 0x0000000083600000| Untracked 
|  43|0x0000000083700000, 0x0000000083700000, 0x0000000083800000|  0%| F|  |TAMS 0x0000000083700000, 0x0000000083700000| Untracked 
|  44|0x0000000083800000, 0x0000000083800000, 0x0000000083900000|  0%| F|  |TAMS 0x0000000083800000, 0x0000000083800000| Untracked 
|  45|0x0000000083900000, 0x0000000083900000, 0x0000000083a00000|  0%| F|  |TAMS 0x0000000083900000, 0x0000000083900000| Untracked 
|  46|0x0000000083a00000, 0x0000000083a00000, 0x0000000083b00000|  0%| F|  |TAMS 0x0000000083a00000, 0x0000000083a00000| Untracked 
|  47|0x0000000083b00000, 0x0000000083b00000, 0x0000000083c00000|  0%| F|  |TAMS 0x0000000083b00000, 0x0000000083b00000| Untracked 
|  48|0x0000000083c00000, 0x0000000083c00000, 0x0000000083d00000|  0%| F|  |TAMS 0x0000000083c00000, 0x0000000083c00000| Untracked 
|  49|0x0000000083d00000, 0x0000000083d00000, 0x0000000083e00000|  0%| F|  |TAMS 0x0000000083d00000, 0x0000000083d00000| Untracked 
|  50|0x0000000083e00000, 0x0000000083e00000, 0x0000000083f00000|  0%| F|  |TAMS 0x0000000083e00000, 0x0000000083e00000| Untracked 
|  51|0x0000000083f00000, 0x0000000083f00000, 0x0000000084000000|  0%| F|  |TAMS 0x0000000083f00000, 0x0000000083f00000| Untracked 
|  52|0x0000000084000000, 0x0000000084000000, 0x0000000084100000|  0%| F|  |TAMS 0x0000000084000000, 0x0000000084000000| Untracked 
|  53|0x0000000084100000, 0x0000000084100000, 0x0000000084200000|  0%| F|  |TAMS 0x0000000084100000, 0x0000000084100000| Untracked 
|  54|0x0000000084200000, 0x0000000084200000, 0x0000000084300000|  0%| F|  |TAMS 0x0000000084200000, 0x0000000084200000| Untracked 
|  55|0x0000000084300000, 0x0000000084300000, 0x0000000084400000|  0%| F|  |TAMS 0x0000000084300000, 0x0000000084300000| Untracked 
|  56|0x0000000084400000, 0x0000000084400000, 0x0000000084500000|  0%| F|  |TAMS 0x0000000084400000, 0x0000000084400000| Untracked 
|  57|0x0000000084500000, 0x0000000084500000, 0x0000000084600000|  0%| F|  |TAMS 0x0000000084500000, 0x0000000084500000| Untracked 
|  58|0x0000000084600000, 0x0000000084600000, 0x0000000084700000|  0%| F|  |TAMS 0x0000000084600000, 0x0000000084600000| Untracked 
|  59|0x0000000084700000, 0x0000000084700000, 0x0000000084800000|  0%| F|  |TAMS 0x0000000084700000, 0x0000000084700000| Untracked 
|  60|0x0000000084800000, 0x0000000084800000, 0x0000000084900000|  0%| F|  |TAMS 0x0000000084800000, 0x0000000084800000| Untracked 
|  61|0x0000000084900000, 0x0000000084900000, 0x0000000084a00000|  0%| F|  |TAMS 0x0000000084900000, 0x0000000084900000| Untracked 
|  62|0x0000000084a00000, 0x0000000084a00000, 0x0000000084b00000|  0%| F|  |TAMS 0x0000000084a00000, 0x0000000084a00000| Untracked 
|  63|0x0000000084b00000, 0x0000000084b00000, 0x0000000084c00000|  0%| F|  |TAMS 0x0000000084b00000, 0x0000000084b00000| Untracked 
|  64|0x0000000084c00000, 0x0000000084c00000, 0x0000000084d00000|  0%| F|  |TAMS 0x0000000084c00000, 0x0000000084c00000| Untracked 
|  65|0x0000000084d00000, 0x0000000084d00000, 0x0000000084e00000|  0%| F|  |TAMS 0x0000000084d00000, 0x0000000084d00000| Untracked 
|  66|0x0000000084e00000, 0x0000000084e00000, 0x0000000084f00000|  0%| F|  |TAMS 0x0000000084e00000, 0x0000000084e00000| Untracked 
|  67|0x0000000084f00000, 0x0000000084f00000, 0x0000000085000000|  0%| F|  |TAMS 0x0000000084f00000, 0x0000000084f00000| Untracked 
|  68|0x0000000085000000, 0x0000000085000000, 0x0000000085100000|  0%| F|  |TAMS 0x0000000085000000, 0x0000000085000000| Untracked 
|  69|0x0000000085100000, 0x0000000085100000, 0x0000000085200000|  0%| F|  |TAMS 0x0000000085100000, 0x0000000085100000| Untracked 
|  70|0x0000000085200000, 0x0000000085200000, 0x0000000085300000|  0%| F|  |TAMS 0x0000000085200000, 0x0000000085200000| Untracked 
|  71|0x0000000085300000, 0x0000000085400000, 0x0000000085400000|100%| E|  |TAMS 0x0000000085300000, 0x0000000085300000| Complete 
|  72|0x0000000085400000, 0x0000000085500000, 0x0000000085500000|100%| E|CS|TAMS 0x0000000085400000, 0x0000000085400000| Complete 
|  73|0x0000000085500000, 0x0000000085600000, 0x0000000085600000|100%| E|CS|TAMS 0x0000000085500000, 0x0000000085500000| Complete 
|  74|0x0000000085600000, 0x0000000085700000, 0x0000000085700000|100%| E|CS|TAMS 0x0000000085600000, 0x0000000085600000| Complete 
|  75|0x0000000085700000, 0x0000000085800000, 0x0000000085800000|100%| E|CS|TAMS 0x0000000085700000, 0x0000000085700000| Complete 
|  76|0x0000000085800000, 0x0000000085900000, 0x0000000085900000|100%| E|CS|TAMS 0x0000000085800000, 0x0000000085800000| Complete 
|  77|0x0000000085900000, 0x0000000085a00000, 0x0000000085a00000|100%| E|CS|TAMS 0x0000000085900000, 0x0000000085900000| Complete 
|  78|0x0000000085a00000, 0x0000000085b00000, 0x0000000085b00000|100%| E|CS|TAMS 0x0000000085a00000, 0x0000000085a00000| Complete 
|  79|0x0000000085b00000, 0x0000000085c00000, 0x0000000085c00000|100%| E|CS|TAMS 0x0000000085b00000, 0x0000000085b00000| Complete 
|  80|0x0000000085c00000, 0x0000000085d00000, 0x0000000085d00000|100%| E|CS|TAMS 0x0000000085c00000, 0x0000000085c00000| Complete 
|  81|0x0000000085d00000, 0x0000000085e00000, 0x0000000085e00000|100%| E|CS|TAMS 0x0000000085d00000, 0x0000000085d00000| Complete 
|  82|0x0000000085e00000, 0x0000000085f00000, 0x0000000085f00000|100%| E|CS|TAMS 0x0000000085e00000, 0x0000000085e00000| Complete 
|  83|0x0000000085f00000, 0x0000000086000000, 0x0000000086000000|100%| E|CS|TAMS 0x0000000085f00000, 0x0000000085f00000| Complete 
|  84|0x0000000086000000, 0x0000000086100000, 0x0000000086100000|100%| E|CS|TAMS 0x0000000086000000, 0x0000000086000000| Complete 
|  85|0x0000000086100000, 0x0000000086200000, 0x0000000086200000|100%| E|CS|TAMS 0x0000000086100000, 0x0000000086100000| Complete 
|  86|0x0000000086200000, 0x0000000086300000, 0x0000000086300000|100%| E|CS|TAMS 0x0000000086200000, 0x0000000086200000| Complete 
|  87|0x0000000086300000, 0x0000000086400000, 0x0000000086400000|100%| E|CS|TAMS 0x0000000086300000, 0x0000000086300000| Complete 
|  88|0x0000000086400000, 0x0000000086500000, 0x0000000086500000|100%| E|CS|TAMS 0x0000000086400000, 0x0000000086400000| Complete 
|  89|0x0000000086500000, 0x0000000086600000, 0x0000000086600000|100%| E|CS|TAMS 0x0000000086500000, 0x0000000086500000| Complete 
|  90|0x0000000086600000, 0x0000000086700000, 0x0000000086700000|100%| E|  |TAMS 0x0000000086600000, 0x0000000086600000| Complete 
|  91|0x0000000086700000, 0x0000000086800000, 0x0000000086800000|100%| E|CS|TAMS 0x0000000086700000, 0x0000000086700000| Complete 
|  92|0x0000000086800000, 0x0000000086900000, 0x0000000086900000|100%| E|CS|TAMS 0x0000000086800000, 0x0000000086800000| Complete 
|  93|0x0000000086900000, 0x0000000086a00000, 0x0000000086a00000|100%| E|CS|TAMS 0x0000000086900000, 0x0000000086900000| Complete 
|  94|0x0000000086a00000, 0x0000000086b00000, 0x0000000086b00000|100%| E|CS|TAMS 0x0000000086a00000, 0x0000000086a00000| Complete 
|  95|0x0000000086b00000, 0x0000000086c00000, 0x0000000086c00000|100%| E|CS|TAMS 0x0000000086b00000, 0x0000000086b00000| Complete 
|  96|0x0000000086c00000, 0x0000000086d00000, 0x0000000086d00000|100%| E|CS|TAMS 0x0000000086c00000, 0x0000000086c00000| Complete 
|  97|0x0000000086d00000, 0x0000000086e00000, 0x0000000086e00000|100%| E|CS|TAMS 0x0000000086d00000, 0x0000000086d00000| Complete 
|  98|0x0000000086e00000, 0x0000000086f00000, 0x0000000086f00000|100%| E|CS|TAMS 0x0000000086e00000, 0x0000000086e00000| Complete 
|  99|0x0000000086f00000, 0x0000000087000000, 0x0000000087000000|100%| E|CS|TAMS 0x0000000086f00000, 0x0000000086f00000| Complete 
| 100|0x0000000087000000, 0x0000000087100000, 0x0000000087100000|100%| E|CS|TAMS 0x0000000087000000, 0x0000000087000000| Complete 
| 101|0x0000000087100000, 0x0000000087200000, 0x0000000087200000|100%| E|CS|TAMS 0x0000000087100000, 0x0000000087100000| Complete 
| 102|0x0000000087200000, 0x0000000087300000, 0x0000000087300000|100%| E|CS|TAMS 0x0000000087200000, 0x0000000087200000| Complete 
| 103|0x0000000087300000, 0x0000000087400000, 0x0000000087400000|100%| E|CS|TAMS 0x0000000087300000, 0x0000000087300000| Complete 
| 104|0x0000000087400000, 0x0000000087500000, 0x0000000087500000|100%| E|CS|TAMS 0x0000000087400000, 0x0000000087400000| Complete 
| 105|0x0000000087500000, 0x0000000087600000, 0x0000000087600000|100%| E|CS|TAMS 0x0000000087500000, 0x0000000087500000| Complete 
| 106|0x0000000087600000, 0x0000000087700000, 0x0000000087700000|100%| E|CS|TAMS 0x0000000087600000, 0x0000000087600000| Complete 
| 107|0x0000000087700000, 0x0000000087800000, 0x0000000087800000|100%| E|CS|TAMS 0x0000000087700000, 0x0000000087700000| Complete 
| 108|0x0000000087800000, 0x0000000087900000, 0x0000000087900000|100%| E|CS|TAMS 0x0000000087800000, 0x0000000087800000| Complete 
| 109|0x0000000087900000, 0x0000000087a00000, 0x0000000087a00000|100%| E|CS|TAMS 0x0000000087900000, 0x0000000087900000| Complete 
| 110|0x0000000087a00000, 0x0000000087b00000, 0x0000000087b00000|100%| E|CS|TAMS 0x0000000087a00000, 0x0000000087a00000| Complete 
| 111|0x0000000087b00000, 0x0000000087bff9f0, 0x0000000087c00000| 99%| S|CS|TAMS 0x0000000087b00000, 0x0000000087b00000| Complete 
| 112|0x0000000087c00000, 0x0000000087d00000, 0x0000000087d00000|100%| E|CS|TAMS 0x0000000087c00000, 0x0000000087c00000| Complete 
| 113|0x0000000087d00000, 0x0000000087e00000, 0x0000000087e00000|100%| E|CS|TAMS 0x0000000087d00000, 0x0000000087d00000| Complete 
| 114|0x0000000087e00000, 0x0000000087f00000, 0x0000000087f00000|100%| E|CS|TAMS 0x0000000087e00000, 0x0000000087e00000| Complete 
| 115|0x0000000087f00000, 0x0000000088000000, 0x0000000088000000|100%| E|CS|TAMS 0x0000000087f00000, 0x0000000087f00000| Complete 
| 116|0x0000000088000000, 0x0000000088100000, 0x0000000088100000|100%| E|CS|TAMS 0x0000000088000000, 0x0000000088000000| Complete 
| 117|0x0000000088100000, 0x0000000088200000, 0x0000000088200000|100%| E|CS|TAMS 0x0000000088100000, 0x0000000088100000| Complete 
| 118|0x0000000088200000, 0x0000000088300000, 0x0000000088300000|100%| E|CS|TAMS 0x0000000088200000, 0x0000000088200000| Complete 
| 119|0x0000000088300000, 0x0000000088400000, 0x0000000088400000|100%| E|CS|TAMS 0x0000000088300000, 0x0000000088300000| Complete 
| 120|0x0000000088400000, 0x0000000088500000, 0x0000000088500000|100%| E|CS|TAMS 0x0000000088400000, 0x0000000088400000| Complete 
| 121|0x0000000088500000, 0x0000000088600000, 0x0000000088600000|100%| E|CS|TAMS 0x0000000088500000, 0x0000000088500000| Complete 
| 122|0x0000000088600000, 0x0000000088700000, 0x0000000088700000|100%| E|CS|TAMS 0x0000000088600000, 0x0000000088600000| Complete 
| 123|0x0000000088700000, 0x0000000088800000, 0x0000000088800000|100%| E|CS|TAMS 0x0000000088700000, 0x0000000088700000| Complete 
| 124|0x0000000088800000, 0x0000000088900000, 0x0000000088900000|100%| E|CS|TAMS 0x0000000088800000, 0x0000000088800000| Complete 
| 125|0x0000000088900000, 0x0000000088a00000, 0x0000000088a00000|100%| E|CS|TAMS 0x0000000088900000, 0x0000000088900000| Complete 
| 126|0x0000000088a00000, 0x0000000088b00000, 0x0000000088b00000|100%| E|CS|TAMS 0x0000000088a00000, 0x0000000088a00000| Complete 
| 127|0x0000000088b00000, 0x0000000088c00000, 0x0000000088c00000|100%| E|CS|TAMS 0x0000000088b00000, 0x0000000088b00000| Complete 

Card table byte_map: [0x000001fbfd890000,0x000001fbfdc90000] _byte_map_base: 0x000001fbfd48a000

Marking Bits (Prev, Next): (CMBitMap*) 0x000001fbf5a15a80, (CMBitMap*) 0x000001fbf5a15ac0
 Prev Bits: [0x000001fb8f000000, 0x000001fb90fd0000)
 Next Bits: [0x000001fb90fd0000, 0x000001fb92fa0000)

Polling page: 0x000001fbf3850000

Metaspace:

Usage:
  Non-class:     16.66 MB used.
      Class:      2.24 MB used.
       Both:     18.90 MB used.

Virtual space:
  Non-class space:       64.00 MB reserved,      16.75 MB ( 26%) committed,  1 nodes.
      Class space:        1.00 GB reserved,       2.31 MB ( <1%) committed,  1 nodes.
             Both:        1.06 GB reserved,      19.06 MB (  2%) committed. 

Chunk freelists:
   Non-Class:  14.98 MB
       Class:  13.64 MB
        Both:  28.63 MB

MaxMetaspaceSize: unlimited
CompressedClassSpaceSize: 1.00 GB
Initial GC threshold: 21.00 MB
Current GC threshold: 21.00 MB
CDS: on
MetaspaceReclaimPolicy: balanced
 - commit_granule_bytes: 65536.
 - commit_granule_words: 8192.
 - virtual_space_node_default_size: 8388608.
 - enlarge_chunks_in_place: 1.
 - new_chunks_are_fully_committed: 0.
 - uncommit_free_chunks: 1.
 - use_allocation_guard: 0.
 - handle_deallocations: 1.


Internal statistics:

num_allocs_failed_limit: 0.
num_arena_births: 176.
num_arena_deaths: 0.
num_vsnodes_births: 2.
num_vsnodes_deaths: 0.
num_space_committed: 305.
num_space_uncommitted: 0.
num_chunks_returned_to_freelist: 0.
num_chunks_taken_from_freelist: 797.
num_chunk_merges: 0.
num_chunk_splits: 573.
num_chunks_enlarged: 481.
num_inconsistent_stats: 0.

CodeHeap 'non-profiled nmethods': size=120000Kb used=899Kb max_used=899Kb free=119100Kb
 bounds [0x000001fb87ad0000, 0x000001fb87d40000, 0x000001fb8f000000]
CodeHeap 'profiled nmethods': size=120000Kb used=4095Kb max_used=4095Kb free=115904Kb
 bounds [0x000001fb80000000, 0x000001fb80400000, 0x000001fb87530000]
CodeHeap 'non-nmethods': size=5760Kb used=1211Kb max_used=1229Kb free=4548Kb
 bounds [0x000001fb87530000, 0x000001fb877a0000, 0x000001fb87ad0000]
 total_blobs=2668 nmethods=2159 adapters=421
 compilation: enabled
              stopped_count=0, restarted_count=0
 full_count=0

Compilation events (20 events):
Event: 1.799 Thread 0x000001fbfe58ca60 2138       3       org.springframework.core.annotation.AttributeMethods::forAnnotationType (26 bytes)
Event: 1.799 Thread 0x000001fbfe58ca60 nmethod 2138 0x000001fb803ecc90 code [0x000001fb803ece60, 0x000001fb803ed2c8]
Event: 1.800 Thread 0x000001fbfe58ca60 2140       3       java.util.Collections$UnmodifiableCollection::iterator (9 bytes)
Event: 1.800 Thread 0x000001fbfe58ca60 nmethod 2140 0x000001fb803ed410 code [0x000001fb803ed5c0, 0x000001fb803ed988]
Event: 1.800 Thread 0x000001fbfe58ca60 2141       3       java.util.Collections$UnmodifiableCollection$1::<init> (26 bytes)
Event: 1.800 Thread 0x000001fbfe58ca60 nmethod 2141 0x000001fb803edb10 code [0x000001fb803edcc0, 0x000001fb803edfc8]
Event: 1.800 Thread 0x000001fbfe58ca60 2142  s    3       java.util.Hashtable::get (69 bytes)
Event: 1.801 Thread 0x000001fbfe58ca60 nmethod 2142 0x000001fb803ee110 code [0x000001fb803ee2e0, 0x000001fb803ee838]
Event: 1.802 Thread 0x000001fbfe58ca60 2143       3       java.util.HashSet::isEmpty (8 bytes)
Event: 1.802 Thread 0x000001fbfe58ca60 nmethod 2143 0x000001fb803eea10 code [0x000001fb803eeba0, 0x000001fb803eedf8]
Event: 1.802 Thread 0x000001fbfe58ca60 2144       3       org.springframework.core.annotation.MergedAnnotationsCollection$AnnotationsSpliterator::getMapping (28 bytes)
Event: 1.803 Thread 0x000001fbfe58ca60 nmethod 2144 0x000001fb803eef10 code [0x000001fb803ef100, 0x000001fb803ef618]
Event: 1.803 Thread 0x000001fbfe58ca60 2145       3       org.springframework.util.Assert::isTrue (14 bytes)
Event: 1.803 Thread 0x000001fbfe58ca60 nmethod 2145 0x000001fb803ef810 code [0x000001fb803ef9c0, 0x000001fb803efba8]
Event: 1.804 Thread 0x000001fbfe58ca60 2146       3       java.lang.Character::isLetter (5 bytes)
Event: 1.804 Thread 0x000001fbfe58ca60 nmethod 2146 0x000001fb803efc90 code [0x000001fb803efe60, 0x000001fb803f0178]
Event: 1.804 Thread 0x000001fbfe58ca60 2147       3       java.lang.Character::isLetter (18 bytes)
Event: 1.804 Thread 0x000001fbfe58ca60 nmethod 2147 0x000001fb803f0290 code [0x000001fb803f0440, 0x000001fb803f06f8]
Event: 1.804 Thread 0x000001fbfe58ca60 2148       3       org.springframework.core.annotation.TypeMappedAnnotation::getDistance (8 bytes)
Event: 1.804 Thread 0x000001fbfe58ca60 nmethod 2148 0x000001fb803f0810 code [0x000001fb803f09a0, 0x000001fb803f0ad8]

GC Heap History (4 events):
Event: 0.471 GC heap before
{Heap before GC invocations=0 (full 0):
 garbage-first heap   total 131072K, used 12288K [0x0000000080c00000, 0x0000000100000000)
  region size 1024K, 13 young (13312K), 0 survivors (0K)
 Metaspace       used 3855K, committed 4032K, reserved 1114112K
  class space    used 415K, committed 512K, reserved 1048576K
}
Event: 0.474 GC heap after
{Heap after GC invocations=1 (full 0):
 garbage-first heap   total 131072K, used 4164K [0x0000000080c00000, 0x0000000100000000)
  region size 1024K, 2 young (2048K), 2 survivors (2048K)
 Metaspace       used 3855K, committed 4032K, reserved 1114112K
  class space    used 415K, committed 512K, reserved 1048576K
}
Event: 1.005 GC heap before
{Heap before GC invocations=1 (full 0):
 garbage-first heap   total 131072K, used 17476K [0x0000000080c00000, 0x0000000100000000)
  region size 1024K, 16 young (16384K), 2 survivors (2048K)
 Metaspace       used 7123K, committed 7296K, reserved 1114112K
  class space    used 857K, committed 960K, reserved 1048576K
}
Event: 1.008 GC heap after
{Heap after GC invocations=2 (full 0):
 garbage-first heap   total 131072K, used 5385K [0x0000000080c00000, 0x0000000100000000)
  region size 1024K, 1 young (1024K), 1 survivors (1024K)
 Metaspace       used 7123K, committed 7296K, reserved 1114112K
  class space    used 857K, committed 960K, reserved 1048576K
}

Dll operation events (11 events):
Event: 0.008 Loaded shared library C:\Users\Alexey\.gradle\jdks\adoptium-17-x64-hotspot-windows\bin\java.dll
Event: 0.025 Loaded shared library C:\Users\Alexey\.gradle\jdks\adoptium-17-x64-hotspot-windows\bin\jsvml.dll
Event: 0.181 Loaded shared library C:\Users\Alexey\.gradle\jdks\adoptium-17-x64-hotspot-windows\bin\zip.dll
Event: 0.183 Loaded shared library C:\Users\Alexey\.gradle\jdks\adoptium-17-x64-hotspot-windows\bin\instrument.dll
Event: 0.189 Loaded shared library C:\Users\Alexey\.gradle\jdks\adoptium-17-x64-hotspot-windows\bin\net.dll
Event: 0.191 Loaded shared library C:\Users\Alexey\.gradle\jdks\adoptium-17-x64-hotspot-windows\bin\nio.dll
Event: 0.193 Loaded shared library C:\Users\Alexey\.gradle\jdks\adoptium-17-x64-hotspot-windows\bin\zip.dll
Event: 0.239 Loaded shared library E:\Program Files\IntelliJ IDEA Community Edition 2023.1\bin\breakgen64.dll
Event: 0.272 Loaded shared library C:\Users\Alexey\.gradle\jdks\adoptium-17-x64-hotspot-windows\bin\jimage.dll
Event: 0.512 Loaded shared library C:\Users\Alexey\.gradle\jdks\adoptium-17-x64-hotspot-windows\bin\management.dll
Event: 0.514 Loaded shared library C:\Users\Alexey\.gradle\jdks\adoptium-17-x64-hotspot-windows\bin\management_ext.dll

Deoptimization events (20 events):
Event: 1.769 Thread 0x000001fb99ce3410 DEOPT PACKING pc=0x000001fb80130db1 sp=0x0000001a7dffdb00
Event: 1.769 Thread 0x000001fb99ce3410 DEOPT UNPACKING pc=0x000001fb87587143 sp=0x0000001a7dffcff0 mode 0
Event: 1.769 Thread 0x000001fb99ce3410 DEOPT PACKING pc=0x000001fb801271e6 sp=0x0000001a7dffdb30
Event: 1.769 Thread 0x000001fb99ce3410 DEOPT UNPACKING pc=0x000001fb87587143 sp=0x0000001a7dffcff8 mode 0
Event: 1.769 Thread 0x000001fb99ce3410 DEOPT PACKING pc=0x000001fb80130db1 sp=0x0000001a7dffdb00
Event: 1.769 Thread 0x000001fb99ce3410 DEOPT UNPACKING pc=0x000001fb87587143 sp=0x0000001a7dffcff0 mode 0
Event: 1.769 Thread 0x000001fb99ce3410 DEOPT PACKING pc=0x000001fb801271e6 sp=0x0000001a7dffdb30
Event: 1.769 Thread 0x000001fb99ce3410 DEOPT UNPACKING pc=0x000001fb87587143 sp=0x0000001a7dffcff8 mode 0
Event: 1.770 Thread 0x000001fb99ce3410 DEOPT PACKING pc=0x000001fb80130db1 sp=0x0000001a7dffdb00
Event: 1.770 Thread 0x000001fb99ce3410 DEOPT UNPACKING pc=0x000001fb87587143 sp=0x0000001a7dffcff0 mode 0
Event: 1.770 Thread 0x000001fb99ce3410 DEOPT PACKING pc=0x000001fb801271e6 sp=0x0000001a7dffdb30
Event: 1.770 Thread 0x000001fb99ce3410 DEOPT UNPACKING pc=0x000001fb87587143 sp=0x0000001a7dffcff8 mode 0
Event: 1.770 Thread 0x000001fb99ce3410 DEOPT PACKING pc=0x000001fb80130db1 sp=0x0000001a7dffdb00
Event: 1.770 Thread 0x000001fb99ce3410 DEOPT UNPACKING pc=0x000001fb87587143 sp=0x0000001a7dffcff0 mode 0
Event: 1.770 Thread 0x000001fb99ce3410 DEOPT PACKING pc=0x000001fb801271e6 sp=0x0000001a7dffdb30
Event: 1.770 Thread 0x000001fb99ce3410 DEOPT UNPACKING pc=0x000001fb87587143 sp=0x0000001a7dffcff8 mode 0
Event: 1.770 Thread 0x000001fb99ce3410 DEOPT PACKING pc=0x000001fb80130db1 sp=0x0000001a7dffdb00
Event: 1.770 Thread 0x000001fb99ce3410 DEOPT UNPACKING pc=0x000001fb87587143 sp=0x0000001a7dffcff0 mode 0
Event: 1.770 Thread 0x000001fb99ce3410 DEOPT PACKING pc=0x000001fb801271e6 sp=0x0000001a7dffdb30
Event: 1.770 Thread 0x000001fb99ce3410 DEOPT UNPACKING pc=0x000001fb87587143 sp=0x0000001a7dffcff8 mode 0

Classes unloaded (0 events):
No events

Classes redefined (0 events):
No events

Internal exceptions (20 events):
Event: 1.126 Thread 0x000001fb99ce3410 Exception <a 'java/lang/NoSuchMethodError'{0x0000000088728110}: 'void java.lang.invoke.DirectMethodHandle$Holder.invokeStaticInit(java.lang.Object, java.lang.Object)'> (0x0000000088728110) 
thrown [s\src\hotspot\share\interpreter\linkResolver.cpp, line 759]
Event: 1.128 Thread 0x000001fb99ce3410 Exception <a 'java/lang/NoSuchMethodError'{0x0000000088735e28}: 'void java.lang.invoke.DirectMethodHandle$Holder.invokeStaticInit(java.lang.Object, java.lang.Object, java.lang.Object)'> (0x0000000088735e28) 
thrown [s\src\hotspot\share\interpreter\linkResolver.cpp, line 759]
Event: 1.132 Thread 0x000001fb99ce3410 Exception <a 'java/lang/NoSuchMethodError'{0x0000000088749068}: 'java.lang.Object java.lang.invoke.DirectMethodHandle$Holder.invokeStatic(java.lang.Object, java.lang.Object, long, java.lang.Object)'> (0x0000000088749068) 
thrown [s\src\hotspot\share\interpreter\linkResolver.cpp, line 759]
Event: 1.132 Thread 0x000001fb99ce3410 Exception <a 'java/lang/NoSuchMethodError'{0x000000008874cb00}: 'java.lang.Object java.lang.invoke.DirectMethodHandle$Holder.invokeStaticInit(java.lang.Object, java.lang.Object, long, java.lang.Object)'> (0x000000008874cb00) 
thrown [s\src\hotspot\share\interpreter\linkResolver.cpp, line 759]
Event: 1.133 Thread 0x000001fb99ce3410 Exception <a 'java/lang/NoSuchMethodError'{0x0000000088753208}: 'java.lang.Object java.lang.invoke.DirectMethodHandle$Holder.newInvokeSpecial(java.lang.Object, java.lang.Object, long)'> (0x0000000088753208) 
thrown [s\src\hotspot\share\interpreter\linkResolver.cpp, line 759]
Event: 1.133 Thread 0x000001fb99ce3410 Exception <a 'java/lang/NoSuchMethodError'{0x0000000088756d78}: 'java.lang.Object java.lang.invoke.Invokers$Holder.linkToTargetMethod(java.lang.Object, long, java.lang.Object)'> (0x0000000088756d78) 
thrown [s\src\hotspot\share\interpreter\linkResolver.cpp, line 759]
Event: 1.150 Thread 0x000001fb99ce3410 Exception <a 'java/lang/NoSuchMethodError'{0x00000000887a6b68}: 'void java.lang.invoke.DirectMethodHandle$Holder.invokeVirtual(java.lang.Object, java.lang.Object, java.lang.Object, java.lang.Object)'> (0x00000000887a6b68) 
thrown [s\src\hotspot\share\interpreter\linkResolver.cpp, line 759]
Event: 1.202 Thread 0x000001fb99ce3410 Exception <a 'java/lang/NoSuchMethodError'{0x0000000088542c10}: 'void java.lang.invoke.DirectMethodHandle$Holder.invokeSpecial(java.lang.Object, java.lang.Object, java.lang.Object)'> (0x0000000088542c10) 
thrown [s\src\hotspot\share\interpreter\linkResolver.cpp, line 759]
Event: 1.204 Thread 0x000001fb99ce3410 Exception <a 'java/lang/NoSuchMethodError'{0x00000000885491e8}: 'void java.lang.invoke.DirectMethodHandle$Holder.invokeSpecial(java.lang.Object, java.lang.Object, java.lang.Object, java.lang.Object, java.lang.Object)'> (0x00000000885491e8) 
thrown [s\src\hotspot\share\interpreter\linkResolver.cpp, line 759]
Event: 1.211 Thread 0x000001fb99ce3410 Exception <a 'java/lang/IncompatibleClassChangeError'{0x000000008857ae78}: Found class java.lang.Object, but interface was expected> (0x000000008857ae78) 
thrown [s\src\hotspot\share\interpreter\linkResolver.cpp, line 826]
Event: 1.230 Thread 0x000001fb99c093b0 Exception <a 'java/lang/NoClassDefFoundError'{0x0000000088597d80}: jakarta/validation/Validation> (0x0000000088597d80) 
thrown [s\src\hotspot\share\classfile\systemDictionary.cpp, line 245]
Event: 1.546 Thread 0x000001fb99c093b0 Exception <a 'java/lang/NoSuchMethodError'{0x0000000086a142d8}: 'long java.lang.invoke.DirectMethodHandle$Holder.invokeSpecial(java.lang.Object, java.lang.Object)'> (0x0000000086a142d8) 
thrown [s\src\hotspot\share\interpreter\linkResolver.cpp, line 759]
Event: 1.548 Thread 0x000001fb99c093b0 Exception <a 'java/lang/NoSuchMethodError'{0x0000000086a1f810}: 'long java.lang.invoke.DirectMethodHandle$Holder.invokeStatic(java.lang.Object, java.lang.Object)'> (0x0000000086a1f810) 
thrown [s\src\hotspot\share\interpreter\linkResolver.cpp, line 759]
Event: 1.548 Thread 0x000001fb99c093b0 Exception <a 'java/lang/NoSuchMethodError'{0x0000000086a22e10}: 'long java.lang.invoke.DirectMethodHandle$Holder.invokeStaticInit(java.lang.Object, java.lang.Object)'> (0x0000000086a22e10) 
thrown [s\src\hotspot\share\interpreter\linkResolver.cpp, line 759]
Event: 1.552 Thread 0x000001fb99c093b0 Exception <a 'java/lang/NoSuchMethodError'{0x0000000086a30938}: 'long java.lang.invoke.DirectMethodHandle$Holder.invokeInterface(java.lang.Object, java.lang.Object)'> (0x0000000086a30938) 
thrown [s\src\hotspot\share\interpreter\linkResolver.cpp, line 759]
Event: 1.552 Thread 0x000001fb99c093b0 Exception <a 'java/lang/IncompatibleClassChangeError'{0x0000000086a33ec8}: Found class java.lang.Object, but interface was expected> (0x0000000086a33ec8) 
thrown [s\src\hotspot\share\interpreter\linkResolver.cpp, line 826]
Event: 1.587 Thread 0x000001fb99ce3410 Exception <a 'java/lang/NoSuchMethodError'{0x0000000086835190}: 'int java.lang.invoke.DirectMethodHandle$Holder.invokeSpecial(java.lang.Object, java.lang.Object, java.lang.Object, java.lang.Object, java.lang.Object)'> (0x0000000086835190) 
thrown [s\src\hotspot\share\interpreter\linkResolver.cpp, line 759]
Event: 1.590 Thread 0x000001fb99ce3410 Exception <a 'java/lang/NoSuchMethodError'{0x000000008683e270}: 'void java.lang.invoke.DirectMethodHandle$Holder.invokeVirtual(java.lang.Object, java.lang.Object)'> (0x000000008683e270) 
thrown [s\src\hotspot\share\interpreter\linkResolver.cpp, line 759]
Event: 1.763 Thread 0x000001fb99ce3410 Exception <a 'java/lang/IncompatibleClassChangeError'{0x0000000085973478}: Found class java.lang.Object, but interface was expected> (0x0000000085973478) 
thrown [s\src\hotspot\share\interpreter\linkResolver.cpp, line 826]
Event: 1.796 Thread 0x000001fb99ce3410 Exception <a 'java/lang/NoSuchMethodError'{0x000000008553de40}: 'void java.lang.invoke.DirectMethodHandle$Holder.invokeInterface(java.lang.Object, java.lang.Object, java.lang.Object, java.lang.Object)'> (0x000000008553de40) 
thrown [s\src\hotspot\share\interpreter\linkResolver.cpp, line 759]

VM Operations (20 events):
Event: 0.725 Executing VM operation: HandshakeAllThreads
Event: 0.725 Executing VM operation: HandshakeAllThreads done
Event: 1.005 Executing VM operation: G1CollectForAllocation
Event: 1.008 Executing VM operation: G1CollectForAllocation done
Event: 1.032 Executing VM operation: HandshakeAllThreads
Event: 1.032 Executing VM operation: HandshakeAllThreads done
Event: 1.198 Executing VM operation: HandshakeAllThreads
Event: 1.198 Executing VM operation: HandshakeAllThreads done
Event: 1.199 Executing VM operation: HandshakeAllThreads
Event: 1.199 Executing VM operation: HandshakeAllThreads done
Event: 1.339 Executing VM operation: HandshakeAllThreads
Event: 1.339 Executing VM operation: HandshakeAllThreads done
Event: 1.464 Executing VM operation: ICBufferFull
Event: 1.464 Executing VM operation: ICBufferFull done
Event: 1.507 Executing VM operation: HandshakeAllThreads
Event: 1.507 Executing VM operation: HandshakeAllThreads done
Event: 1.547 Executing VM operation: HandshakeAllThreads
Event: 1.547 Executing VM operation: HandshakeAllThreads done
Event: 1.563 Executing VM operation: HandshakeAllThreads
Event: 1.563 Executing VM operation: HandshakeAllThreads done

Events (20 events):
Event: 1.592 loading class java/util/stream/SortedOps$RefSortingSink
Event: 1.592 loading class java/util/stream/SortedOps$AbstractRefSortingSink
Event: 1.592 loading class java/util/stream/SortedOps$AbstractRefSortingSink done
Event: 1.592 loading class java/util/stream/SortedOps$RefSortingSink done
Event: 1.592 loading class sun/nio/fs/WindowsPath$WindowsPathWithAttributes
Event: 1.592 loading class sun/nio/fs/BasicFileAttributesHolder
Event: 1.592 loading class sun/nio/fs/BasicFileAttributesHolder done
Event: 1.592 loading class sun/nio/fs/WindowsPath$WindowsPathWithAttributes done
Event: 1.594 loading class java/util/regex/Pattern$LazyLoop
Event: 1.594 loading class java/util/regex/Pattern$Loop
Event: 1.594 loading class java/util/regex/Pattern$Loop done
Event: 1.594 loading class java/util/regex/Pattern$LazyLoop done
Event: 1.594 loading class java/util/regex/Pattern$Prolog
Event: 1.594 loading class java/util/regex/Pattern$Prolog done
Event: 1.692 Thread 0x000001fb9a3b64d0 Thread added: 0x000001fb9a3b64d0
Event: 1.730 loading class javax/naming/ldap/LdapContext
Event: 1.730 loading class javax/naming/directory/DirContext
Event: 1.730 loading class javax/naming/directory/DirContext done
Event: 1.730 loading class javax/naming/ldap/LdapContext done
Event: 1.754 Thread 0x000001fb9a3b64d0 Thread exited: 0x000001fb9a3b64d0


Dynamic libraries:
0x00007ff607610000 - 0x00007ff60761e000 	C:\Users\Alexey\.gradle\jdks\adoptium-17-x64-hotspot-windows\bin\java.exe
0x00007fff13510000 - 0x00007fff136fd000 	C:\Windows\SYSTEM32\ntdll.dll
0x00007fff118b0000 - 0x00007fff11963000 	C:\Windows\System32\KERNEL32.DLL
0x00007fff0f6a0000 - 0x00007fff0f935000 	C:\Windows\System32\KERNELBASE.dll
0x00007fff0fb70000 - 0x00007fff0fc6a000 	C:\Windows\System32\ucrtbase.dll
0x00007fff0b7d0000 - 0x00007fff0b7e7000 	C:\Users\Alexey\.gradle\jdks\adoptium-17-x64-hotspot-windows\bin\jli.dll
0x00007fff0b7b0000 - 0x00007fff0b7c9000 	C:\Users\Alexey\.gradle\jdks\adoptium-17-x64-hotspot-windows\bin\VCRUNTIME140.dll
0x00007fff10ba0000 - 0x00007fff10d37000 	C:\Windows\System32\USER32.dll
0x00007fff0fb50000 - 0x00007fff0fb70000 	C:\Windows\System32\win32u.dll
0x00007fff00220000 - 0x00007fff00499000 	C:\Windows\WinSxS\amd64_microsoft.windows.common-controls_6595b64144ccf1df_6.0.17763.1577_none_de7444545348a3d0\COMCTL32.dll
0x00007fff11880000 - 0x00007fff118a9000 	C:\Windows\System32\GDI32.dll
0x00007fff10860000 - 0x00007fff108fe000 	C:\Windows\System32\msvcrt.dll
0x00007fff0fd30000 - 0x00007fff0fecc000 	C:\Windows\System32\gdi32full.dll
0x00007fff11550000 - 0x00007fff1187d000 	C:\Windows\System32\combase.dll
0x00007fff0fc70000 - 0x00007fff0fd10000 	C:\Windows\System32\msvcp_win.dll
0x00007fff10900000 - 0x00007fff10a22000 	C:\Windows\System32\RPCRT4.dll
0x00007fff0f5c0000 - 0x00007fff0f63e000 	C:\Windows\System32\bcryptPrimitives.dll
0x00007fff11fb0000 - 0x00007fff11fde000 	C:\Windows\System32\IMM32.DLL
0x00007fff03d10000 - 0x00007fff03d1c000 	C:\Users\Alexey\.gradle\jdks\adoptium-17-x64-hotspot-windows\bin\vcruntime140_1.dll
0x00007ffee4260000 - 0x00007ffee42f1000 	C:\Users\Alexey\.gradle\jdks\adoptium-17-x64-hotspot-windows\bin\msvcp140.dll
0x00007ffedf390000 - 0x00007ffedffd8000 	C:\Users\Alexey\.gradle\jdks\adoptium-17-x64-hotspot-windows\bin\server\jvm.dll
0x00007fff11df0000 - 0x00007fff11e93000 	C:\Windows\System32\ADVAPI32.dll
0x00007fff11ea0000 - 0x00007fff11f3e000 	C:\Windows\System32\sechost.dll
0x00007fff0d540000 - 0x00007fff0d564000 	C:\Windows\SYSTEM32\WINMM.dll
0x00007fff0d510000 - 0x00007fff0d53d000 	C:\Windows\SYSTEM32\WINMMBASE.dll
0x00007fff106e0000 - 0x00007fff1072a000 	C:\Windows\System32\cfgmgr32.dll
0x00007fff03600000 - 0x00007fff03609000 	C:\Windows\SYSTEM32\WSOCK32.dll
0x00007fff09ce0000 - 0x00007fff09cea000 	C:\Windows\SYSTEM32\VERSION.dll
0x00007fff11f40000 - 0x00007fff11fad000 	C:\Windows\System32\WS2_32.dll
0x00007fff0f510000 - 0x00007fff0f521000 	C:\Windows\System32\kernel.appcore.dll
0x00007fff03d00000 - 0x00007fff03d0a000 	C:\Users\Alexey\.gradle\jdks\adoptium-17-x64-hotspot-windows\bin\jimage.dll
0x00007fff0b4a0000 - 0x00007fff0b68d000 	C:\Windows\SYSTEM32\DBGHELP.DLL
0x00007ffefdad0000 - 0x00007ffefdafa000 	C:\Windows\SYSTEM32\dbgcore.DLL
0x00007fff0a9c0000 - 0x00007fff0a9ce000 	C:\Users\Alexey\.gradle\jdks\adoptium-17-x64-hotspot-windows\bin\instrument.dll
0x00007fff03cd0000 - 0x00007fff03cf5000 	C:\Users\Alexey\.gradle\jdks\adoptium-17-x64-hotspot-windows\bin\java.dll
0x00007ffee4180000 - 0x00007ffee4256000 	C:\Users\Alexey\.gradle\jdks\adoptium-17-x64-hotspot-windows\bin\jsvml.dll
0x00007fff11fe0000 - 0x00007fff134d9000 	C:\Windows\System32\SHELL32.dll
0x00007fff10de0000 - 0x00007fff10e88000 	C:\Windows\System32\shcore.dll
0x00007fff0ff80000 - 0x00007fff106d3000 	C:\Windows\System32\windows.storage.dll
0x00007fff0f590000 - 0x00007fff0f5b4000 	C:\Windows\System32\profapi.dll
0x00007fff0f530000 - 0x00007fff0f58d000 	C:\Windows\System32\powrprof.dll
0x00007fff10730000 - 0x00007fff10782000 	C:\Windows\System32\shlwapi.dll
0x00007fff0fd10000 - 0x00007fff0fd27000 	C:\Windows\System32\cryptsp.dll
0x00007fff03b20000 - 0x00007fff03b38000 	C:\Users\Alexey\.gradle\jdks\adoptium-17-x64-hotspot-windows\bin\zip.dll
0x00007fff03bf0000 - 0x00007fff03c09000 	C:\Users\Alexey\.gradle\jdks\adoptium-17-x64-hotspot-windows\bin\net.dll
0x00007fff06a70000 - 0x00007fff06b64000 	C:\Windows\SYSTEM32\WINHTTP.dll
0x00007fff0ed60000 - 0x00007fff0edc7000 	C:\Windows\system32\mswsock.dll
0x00007fff03b40000 - 0x00007fff03b55000 	C:\Users\Alexey\.gradle\jdks\adoptium-17-x64-hotspot-windows\bin\nio.dll
0x00007fff0a9a0000 - 0x00007fff0a9ba000 	E:\Program Files\IntelliJ IDEA Community Edition 2023.1\bin\breakgen64.dll
0x00007fff03be0000 - 0x00007fff03be9000 	C:\Users\Alexey\.gradle\jdks\adoptium-17-x64-hotspot-windows\bin\management.dll
0x00007fff03b10000 - 0x00007fff03b1b000 	C:\Users\Alexey\.gradle\jdks\adoptium-17-x64-hotspot-windows\bin\management_ext.dll
0x00007fff10d50000 - 0x00007fff10d58000 	C:\Windows\System32\PSAPI.DLL

dbghelp: loaded successfully - version: 4.0.5 - missing functions: none
symbol engine: initialized successfully - sym options: 0x614 - pdb path: .;C:\Users\Alexey\.gradle\jdks\adoptium-17-x64-hotspot-windows\bin;C:\Windows\SYSTEM32;C:\Windows\WinSxS\amd64_microsoft.windows.common-controls_6595b64144ccf1df_6.0.17763.1577_none_de7444545348a3d0;C:\Users\Alexey\.gradle\jdks\adoptium-17-x64-hotspot-windows\bin\server;E:\Program Files\IntelliJ IDEA Community Edition 2023.1\bin

VM Arguments:
jvm_args: -javaagent:E:\Program Files\IntelliJ IDEA Community Edition 2023.1\lib\idea_rt.jar=55706:E:\Program Files\IntelliJ IDEA Community Edition 2023.1\bin -Dfile.encoding=UTF-8 
java_command: com.example.servingwebcontent.ServingWebContentApplicationKt
java_class_path (initial): C:\Users\Alexey\IntelliJProgects\WEBserver\build\classes\kotlin\main;C:\Users\Alexey\IntelliJProgects\WEBserver\build\resources\main;C:\Users\Alexey\.gradle\caches\modules-2\files-2.1\org.jetbrains.kotlin\kotlin-stdlib-jdk8\1.7.22\b75c999616784d452613d670fec56a527f2bd3d1\kotlin-stdlib-jdk8-1.7.22.jar;C:\Users\Alexey\.gradle\caches\modules-2\files-2.1\org.springframework.boot\spring-boot-starter-thymeleaf\3.0.6\3a94578348f92f586ebf57a60a4363a842f0fe5c\spring-boot-starter-thymeleaf-3.0.6.jar;C:\Users\Alexey\.gradle\caches\modules-2\files-2.1\org.springframework.boot\spring-boot-starter-websocket\3.0.6\6a981ef4f646e568ef19bec758e8b3d8d8f3b941\spring-boot-starter-websocket-3.0.6.jar;C:\Users\Alexey\.gradle\caches\modules-2\files-2.1\org.springframework.boot\spring-boot-starter-web\3.0.6\7c6597cae584c359d7e4ddea6e006176e0c15936\spring-boot-starter-web-3.0.6.jar;C:\Users\Alexey\.gradle\caches\modules-2\files-2.1\com.fasterxml.jackson.module\jackson-module-kotlin\2.14.2\eef6cbd3236664588e646157093d1266bf2d6279\jackson-module-kotlin-2.14.2.jar;C:\Users\Alexey\.gradle\caches\modules-2\files-2.1\org.jetbrains.kotlin\kotlin-reflect\1.7.22\e61a16c5c838d324529a6aa72dfb88ea98958a29\kotlin-reflect-1.7.22.jar;C:\Users\Alexey\.gradle\caches\modules-2\files-2.1\org.jetbrains.kotlin\kotlin-stdlib-jdk7\1.7.22\6aa0a0e051d6b828dc25047025ec245758fab6d9\kotlin-stdlib-jdk7-1.7.22.jar;C:\Users\Alexey\.gradle\caches\modules-2\files-2.1\org.jetbrains.kotlin\kotlin-stdlib\1.7.22\9fb43bccb6cf8cfaaf3776c75f5df4f052f09b72\kotlin-stdlib-1.7.22.jar;C:\Users\Alexey\.gradle\caches\modules-2\files-2.1\org.springframework.boot\spring-boot-starter\3.0.6\1029c155da41fa04820cf81fdbe5752260eead5\spring-boot-starter-3.0.6.jar;C:\Users\Alexey\.gradle\caches\modules-2\files-2.1\org.thymeleaf\thymeleaf-spring6\3.1.1.RELEASE\deb52ef921a4ac5132fedb7ebfc2bc1dad4382b3\thymeleaf-spring6-3.1.1.RELEASE.jar;C:\Users\Alexey\.gradle\caches\modules-2\files-2.1\org.springframework\spring-websoc
Launcher Type: SUN_STANDARD

[Global flags]
     intx CICompilerCount                          = 3                                         {product} {ergonomic}
     uint ConcGCThreads                            = 1                                         {product} {ergonomic}
     uint G1ConcRefinementThreads                  = 4                                         {product} {ergonomic}
   size_t G1HeapRegionSize                         = 1048576                                   {product} {ergonomic}
    uintx GCDrainStackTargetSize                   = 64                                        {product} {ergonomic}
   size_t InitialHeapSize                          = 134217728                                 {product} {ergonomic}
   size_t MarkStackSize                            = 4194304                                   {product} {ergonomic}
   size_t MaxHeapSize                              = 2134900736                                {product} {ergonomic}
   size_t MaxNewSize                               = 1280311296                                {product} {ergonomic}
   size_t MinHeapDeltaBytes                        = 1048576                                   {product} {ergonomic}
   size_t MinHeapSize                              = 8388608                                   {product} {ergonomic}
    uintx NonNMethodCodeHeapSize                   = 5832780                                {pd product} {ergonomic}
    uintx NonProfiledCodeHeapSize                  = 122912730                              {pd product} {ergonomic}
    uintx ProfiledCodeHeapSize                     = 122912730                              {pd product} {ergonomic}
    uintx ReservedCodeCacheSize                    = 251658240                              {pd product} {ergonomic}
     bool SegmentedCodeCache                       = true                                      {product} {ergonomic}
   size_t SoftMaxHeapSize                          = 2134900736                             {manageable} {ergonomic}
     bool UseCompressedClassPointers               = true                           {product lp64_product} {ergonomic}
     bool UseCompressedOops                        = true                           {product lp64_product} {ergonomic}
     bool UseG1GC                                  = true                                      {product} {ergonomic}
     bool UseLargePagesIndividualAllocation        = false                                  {pd product} {ergonomic}

Logging:
Log output configuration:
 #0: stdout all=warning uptime,level,tags
 #1: stderr all=off uptime,level,tags

Environment Variables:
PATH=C:\Program Files (x86)\Common Files\Oracle\Java\javapath;C:\Windows\system32;C:\Windows;C:\Windows\System32\Wbem;C:\Windows\System32\WindowsPowerShell\v1.0\;E:\Programs\protoc-22.2-win64\bin;E:\Programs\Git\cmd;C:\Users\Alexey\AppData\Local\Microsoft\WindowsApps;
USERNAME=Alexey
OS=Windows_NT
PROCESSOR_IDENTIFIER=Intel64 Family 6 Model 58 Stepping 9, GenuineIntel
TMP=C:\Temp
TEMP=C:\Temp



---------------  S Y S T E M  ---------------

OS:
 Windows 10 , 64 bit Build 17763 (10.0.17763.475)
OS uptime: 0 days 3:41 hours

CPU: total 4 (initial active 4) (4 cores per cpu, 1 threads per core) family 6 model 58 stepping 9 microcode 0x20, cx8, cmov, fxsr, mmx, sse, sse2, sse3, ssse3, sse4.1, sse4.2, popcnt, tsc, tscinvbit, avx, aes, erms, clmul, vzeroupper, clflush

Memory: 4k page, system-wide physical 8139M (559M free)
TotalPageFile size 10187M (AvailPageFile size 7M)
current process WorkingSet (physical memory assigned to process): 150M, peak: 150M
current process commit charge ("private bytes"): 254M, peak: 255M

vm_info: OpenJDK 64-Bit Server VM (17.0.7+7) for windows-amd64 JRE (17.0.7+7), built on Apr 18 2023 22:10:42 by "temurin" with MS VC++ 16.7 (VS2019)

END.
